c:\users\alexw\onedrive\documents\coding\battleships\battleships\battleships\x64\debug\vc143.pdb
c:\users\alexw\onedrive\documents\coding\battleships\battleships\battleships\x64\debug\vc143.idb
c:\users\alexw\onedrive\documents\coding\battleships\battleships\battleships\x64\debug\settings.obj
c:\users\alexw\onedrive\documents\coding\battleships\battleships\battleships\x64\debug\userinput.obj
c:\users\alexw\onedrive\documents\coding\battleships\battleships\battleships\x64\debug\ship.obj
c:\users\alexw\onedrive\documents\coding\battleships\battleships\battleships\x64\debug\cell.obj
c:\users\alexw\onedrive\documents\coding\battleships\battleships\battleships\x64\debug\grid.obj
c:\users\alexw\onedrive\documents\coding\battleships\battleships\battleships\x64\debug\game.obj
c:\users\alexw\onedrive\documents\coding\battleships\battleships\battleships\x64\debug\drawui.obj
c:\users\alexw\onedrive\documents\coding\battleships\battleships\battleships\x64\debug\battleships.obj
c:\users\alexw\onedrive\documents\coding\battleships\battleships\x64\debug\battleships.exe
c:\users\alexw\onedrive\documents\coding\battleships\battleships\x64\debug\battleships.pdb
c:\users\alexw\onedrive\documents\coding\battleships\battleships\battleships\x64\debug\battleships.ilk
c:\users\alexw\onedrive\documents\coding\battleships\battleships\battleships\x64\debug\battleships.tlog\cl.command.1.tlog
c:\users\alexw\onedrive\documents\coding\battleships\battleships\battleships\x64\debug\battleships.tlog\cl.items.tlog
c:\users\alexw\onedrive\documents\coding\battleships\battleships\battleships\x64\debug\battleships.tlog\cl.read.1.tlog
c:\users\alexw\onedrive\documents\coding\battleships\battleships\battleships\x64\debug\battleships.tlog\cl.write.1.tlog
c:\users\alexw\onedrive\documents\coding\battleships\battleships\battleships\x64\debug\battleships.tlog\link.command.1.tlog
c:\users\alexw\onedrive\documents\coding\battleships\battleships\battleships\x64\debug\battleships.tlog\link.read.1.tlog
c:\users\alexw\onedrive\documents\coding\battleships\battleships\battleships\x64\debug\battleships.tlog\link.secondary.1.tlog
c:\users\alexw\onedrive\documents\coding\battleships\battleships\battleships\x64\debug\battleships.tlog\link.write.1.tlog
